2023-03-28 00:47:06,601 :INFO : test_login_001 :******************test_login_001**************
2023-03-28 00:47:06,601 :INFO : test_login_001 :******************Verifying Login**************
2023-03-28 00:47:08,602 :INFO : test_login_001 :******************Enter UserName **************
2023-03-28 00:47:08,683 :INFO : test_login_001 :******************Enter Password **************
2023-03-28 00:47:08,777 :INFO : test_login_001 :******************Click On Login button **************
2023-03-28 00:47:13,723 :INFO : test_login_001 :****************** Click On Logout button **************
2023-03-28 00:47:13,794 :INFO : test_login_001 :******************test_login_001 Passed **************
2023-03-28 00:47:13,810 :INFO : test_login_001 :******************test_login_001 Execution Completed **************
2023-03-28 00:51:21,363 :INFO : test_login_001 :******************test_login_001**************
2023-03-28 00:51:21,363 :INFO : test_login_001 :******************Verifying Login**************
2023-03-28 00:51:23,365 :INFO : test_login_001 :******************Enter UserName **************
2023-03-28 00:51:23,446 :INFO : test_login_001 :******************Enter Password **************
2023-03-28 00:51:23,537 :INFO : test_login_001 :******************Click On Login button **************
2023-03-28 00:51:28,311 :INFO : test_login_001 :****************** Click On Logout button **************
2023-03-28 00:51:28,369 :INFO : test_login_001 :******************test_login_001 Passed **************
2023-03-28 00:51:28,388 :INFO : test_login_001 :******************test_login_001 Execution Completed **************
2023-03-28 00:51:56,433 :INFO : test_login_001 :******************test_login_001**************
2023-03-28 00:51:56,433 :INFO : test_login_001 :******************Verifying Login**************
2023-03-28 00:51:58,433 :INFO : test_login_001 :******************Enter UserName **************
2023-03-28 00:51:58,541 :INFO : test_login_001 :******************Enter Password **************
2023-03-28 00:51:58,636 :INFO : test_login_001 :******************Click On Login button **************
2023-03-28 00:52:03,443 :INFO : test_login_001 :****************** Click On Logout button **************
2023-03-28 00:52:03,517 :INFO : test_login_001 :******************test_login_001 Passed **************
2023-03-28 00:56:10,482 :INFO : test_login_001 :******************test_login_001**************
2023-03-28 00:56:10,483 :INFO : test_login_001 :******************Verifying Login**************
2023-03-28 00:56:12,484 :INFO : test_login_001 :******************Enter UserName **************
2023-03-28 00:56:12,568 :INFO : test_login_001 :******************Enter Password **************
2023-03-28 00:56:12,663 :INFO : test_login_001 :******************Click On Login button **************
2023-03-28 00:56:17,497 :INFO : test_login_001 :****************** Click On Logout button **************
2023-03-28 00:56:17,597 :INFO : test_login_001 :******************test_login_001 Passed **************
2023-03-28 00:57:20,965 :INFO : test_login_001 :******************test_login_001**************
2023-03-28 00:57:20,965 :INFO : test_login_001 :******************Verifying Login**************
2023-03-28 00:57:22,966 :INFO : test_login_001 :******************Enter UserName **************
2023-03-28 00:57:23,054 :INFO : test_login_001 :******************Enter Password **************
2023-03-28 00:57:23,163 :INFO : test_login_001 :******************Click On Login button **************
2023-03-28 00:57:27,968 :INFO : test_login_001 :****************** Click On Logout button **************
2023-03-28 00:57:28,046 :INFO : test_login_001 :******************test_login_001 Passed **************
2023-03-28 00:58:41,374 :INFO : test_login_001 :******************test_login_001**************
2023-03-28 00:58:41,374 :INFO : test_login_001 :******************Verifying Login**************
2023-03-28 00:58:43,376 :INFO : test_login_001 :******************Enter UserName **************
2023-03-28 00:58:43,449 :INFO : test_login_001 :******************Enter Password **************
2023-03-28 00:58:43,540 :INFO : test_login_001 :******************Click On Login button **************
2023-03-28 00:58:48,460 :INFO : test_login_001 :****************** Click On Logout button **************
2023-03-28 00:58:48,535 :INFO : test_login_001 :******************test_login_001 Passed **************
2023-03-28 00:59:14,664 :INFO : test_login_001 :******************test_login_001**************
2023-03-28 00:59:14,664 :INFO : test_login_001 :******************Verifying Login**************
2023-03-28 00:59:16,665 :INFO : test_login_001 :******************Enter UserName **************
2023-03-28 00:59:16,748 :INFO : test_login_001 :******************Enter Password **************
2023-03-28 00:59:16,842 :INFO : test_login_001 :******************Click On Login button **************
2023-03-28 00:59:21,760 :INFO : test_login_001 :****************** Click On Logout button **************
2023-03-28 00:59:21,834 :INFO : test_login_001 :******************test_login_001 Passed **************
2023-03-28 09:23:30,894 :INFO : test_login_001 :******************test_login_001**************
2023-03-28 09:23:30,894 :INFO : test_login_001 :******************Verifying Login**************
2023-03-28 09:23:32,909 :INFO : test_login_001 :******************Enter UserName **************
2023-03-28 09:23:33,026 :INFO : test_login_001 :******************Enter Password **************
2023-03-28 09:23:33,144 :INFO : test_login_001 :******************Click On Login button **************
2023-03-28 09:23:38,285 :INFO : test_login_001 :****************** Click On Logout button **************
2023-03-28 09:23:39,345 :INFO : test_login_001 :******************test_login_001 Passed **************
2023-03-28 09:35:17,141 :INFO : test_login_001 :******************test_login_001**************
2023-03-28 09:35:17,143 :INFO : test_login_001 :******************Verifying Login**************
2023-03-28 09:35:19,143 :INFO : test_login_001 :******************Enter UserName **************
2023-03-28 09:35:19,263 :INFO : test_login_001 :******************Enter Password **************
2023-03-28 09:35:19,387 :INFO : test_login_001 :******************Click On Login button **************
2023-03-28 09:35:24,690 :INFO : test_login_001 :****************** Click On Logout button **************
2023-03-28 09:35:24,822 :INFO : test_login_001 :******************test_login_001 Passed **************
